{"D:\\techhive\\backend\\server.js": {"path":"D:\\techhive\\backend\\server.js","statementMap":{"0":{"start":{"line":1,"column":13},"end":{"line":1,"column":28}},"1":{"start":{"line":2,"column":16},"end":{"line":2,"column":34}},"2":{"start":{"line":3,"column":20},"end":{"line":3,"column":51}},"3":{"start":{"line":4,"column":22},"end":{"line":4,"column":55}},"4":{"start":{"line":5,"column":19},"end":{"line":5,"column":48}},"5":{"start":{"line":6,"column":19},"end":{"line":6,"column":49}},"6":{"start":{"line":7,"column":24},"end":{"line":7,"column":55}},"7":{"start":{"line":8,"column":21},"end":{"line":8,"column":53}},"8":{"start":{"line":9,"column":19},"end":{"line":9,"column":41}},"9":{"start":{"line":11,"column":0},"end":{"line":11,"column":27}},"10":{"start":{"line":12,"column":12},"end":{"line":12,"column":21}},"11":{"start":{"line":13,"column":0},"end":{"line":13,"column":16}},"12":{"start":{"line":14,"column":0},"end":{"line":14,"column":24}},"13":{"start":{"line":15,"column":0},"end":{"line":15,"column":27}},"14":{"start":{"line":19,"column":0},"end":{"line":19,"column":35}},"15":{"start":{"line":22,"column":0},"end":{"line":22,"column":40}},"16":{"start":{"line":23,"column":0},"end":{"line":23,"column":33}},"17":{"start":{"line":25,"column":0},"end":{"line":25,"column":37}},"18":{"start":{"line":27,"column":0},"end":{"line":27,"column":40}},"19":{"start":{"line":28,"column":0},"end":{"line":28,"column":37}},"20":{"start":{"line":36,"column":13},"end":{"line":36,"column":37}},"21":{"start":{"line":37,"column":0},"end":{"line":37,"column":70}},"22":{"start":{"line":37,"column":23},"end":{"line":37,"column":68}}},"fnMap":{"0":{"name":"(anonymous_0)","decl":{"start":{"line":37,"column":17},"end":{"line":37,"column":18}},"loc":{"start":{"line":37,"column":23},"end":{"line":37,"column":68}},"line":37}},"branchMap":{"0":{"loc":{"start":{"line":36,"column":13},"end":{"line":36,"column":37}},"type":"binary-expr","locations":[{"start":{"line":36,"column":13},"end":{"line":36,"column":29}},{"start":{"line":36,"column":33},"end":{"line":36,"column":37}}],"line":36}},"s":{"0":1,"1":1,"2":1,"3":1,"4":1,"5":1,"6":1,"7":1,"8":1,"9":1,"10":1,"11":1,"12":1,"13":1,"14":1,"15":1,"16":1,"17":1,"18":1,"19":1,"20":1,"21":1,"22":0},"f":{"0":0},"b":{"0":[1,0]},"_coverageSchema":"1a1c01bbd47fc00a2c39e90264f33305004495a9","hash":"757318902b999ad783a177b6b17d45ef449bc2c2"}
,"D:\\techhive\\backend\\controller\\adminController.js": {"path":"D:\\techhive\\backend\\controller\\adminController.js","statementMap":{"0":{"start":{"line":1,"column":15},"end":{"line":1,"column":34}},"1":{"start":{"line":2,"column":12},"end":{"line":2,"column":35}},"2":{"start":{"line":3,"column":19},"end":{"line":3,"column":49}},"3":{"start":{"line":4,"column":0},"end":{"line":4,"column":27}},"4":{"start":{"line":6,"column":24},"end":{"line":42,"column":1}},"5":{"start":{"line":9,"column":8},"end":{"line":21,"column":9}},"6":{"start":{"line":10,"column":56},"end":{"line":10,"column":64}},"7":{"start":{"line":12,"column":34},"end":{"line":12,"column":74}},"8":{"start":{"line":13,"column":12},"end":{"line":13,"column":92}},"9":{"start":{"line":13,"column":31},"end":{"line":13,"column":92}},"10":{"start":{"line":15,"column":35},"end":{"line":15,"column":66}},"11":{"start":{"line":16,"column":29},"end":{"line":16,"column":96}},"12":{"start":{"line":18,"column":12},"end":{"line":18,"column":43}},"13":{"start":{"line":20,"column":12},"end":{"line":20,"column":58}},"14":{"start":{"line":26,"column":8},"end":{"line":40,"column":9}},"15":{"start":{"line":27,"column":40},"end":{"line":27,"column":48}},"16":{"start":{"line":29,"column":26},"end":{"line":29,"column":66}},"17":{"start":{"line":30,"column":12},"end":{"line":30,"column":80}},"18":{"start":{"line":30,"column":24},"end":{"line":30,"column":80}},"19":{"start":{"line":32,"column":28},"end":{"line":32,"column":74}},"20":{"start":{"line":33,"column":12},"end":{"line":33,"column":86}},"21":{"start":{"line":33,"column":26},"end":{"line":33,"column":86}},"22":{"start":{"line":35,"column":26},"end":{"line":35,"column":102}},"23":{"start":{"line":37,"column":12},"end":{"line":37,"column":39}},"24":{"start":{"line":39,"column":12},"end":{"line":39,"column":58}},"25":{"start":{"line":44,"column":0},"end":{"line":44,"column":33}}},"fnMap":{"0":{"name":"(anonymous_0)","decl":{"start":{"line":8,"column":4},"end":{"line":8,"column":5}},"loc":{"start":{"line":8,"column":27},"end":{"line":22,"column":5}},"line":8},"1":{"name":"(anonymous_1)","decl":{"start":{"line":25,"column":4},"end":{"line":25,"column":5}},"loc":{"start":{"line":25,"column":26},"end":{"line":41,"column":5}},"line":25}},"branchMap":{"0":{"loc":{"start":{"line":13,"column":12},"end":{"line":13,"column":92}},"type":"if","locations":[{"start":{"line":13,"column":12},"end":{"line":13,"column":92}},{"start":{},"end":{}}],"line":13},"1":{"loc":{"start":{"line":30,"column":12},"end":{"line":30,"column":80}},"type":"if","locations":[{"start":{"line":30,"column":12},"end":{"line":30,"column":80}},{"start":{},"end":{}}],"line":30},"2":{"loc":{"start":{"line":33,"column":12},"end":{"line":33,"column":86}},"type":"if","locations":[{"start":{"line":33,"column":12},"end":{"line":33,"column":86}},{"start":{},"end":{}}],"line":33}},"s":{"0":1,"1":1,"2":1,"3":1,"4":1,"5":0,"6":0,"7":0,"8":0,"9":0,"10":0,"11":0,"12":0,"13":0,"14":0,"15":0,"16":0,"17":0,"18":0,"19":0,"20":0,"21":0,"22":0,"23":0,"24":0,"25":1},"f":{"0":0,"1":0},"b":{"0":[0,0],"1":[0,0],"2":[0,0]},"_coverageSchema":"1a1c01bbd47fc00a2c39e90264f33305004495a9","hash":"047afe0664c2d2fe1a504dff59c9ddf282cee874"}
,"D:\\techhive\\backend\\controller\\cartController.js": {"path":"D:\\techhive\\backend\\controller\\cartController.js","statementMap":{"0":{"start":{"line":1,"column":17},"end":{"line":1,"column":46}},"1":{"start":{"line":3,"column":18},"end":{"line":23,"column":3}},"2":{"start":{"line":4,"column":26},"end":{"line":4,"column":34}},"3":{"start":{"line":5,"column":19},"end":{"line":5,"column":29}},"4":{"start":{"line":7,"column":4},"end":{"line":9,"column":5}},"5":{"start":{"line":8,"column":6},"end":{"line":8,"column":90}},"6":{"start":{"line":11,"column":4},"end":{"line":22,"column":5}},"7":{"start":{"line":12,"column":21},"end":{"line":12,"column":64}},"8":{"start":{"line":14,"column":6},"end":{"line":16,"column":7}},"9":{"start":{"line":15,"column":8},"end":{"line":15,"column":81}},"10":{"start":{"line":18,"column":6},"end":{"line":18,"column":65}},"11":{"start":{"line":20,"column":6},"end":{"line":20,"column":56}},"12":{"start":{"line":21,"column":6},"end":{"line":21,"column":94}},"13":{"start":{"line":26,"column":18},"end":{"line":36,"column":3}},"14":{"start":{"line":27,"column":19},"end":{"line":27,"column":29}},"15":{"start":{"line":29,"column":4},"end":{"line":35,"column":5}},"16":{"start":{"line":30,"column":23},"end":{"line":30,"column":59}},"17":{"start":{"line":31,"column":6},"end":{"line":31,"column":62}},"18":{"start":{"line":33,"column":6},"end":{"line":33,"column":55}},"19":{"start":{"line":34,"column":6},"end":{"line":34,"column":85}},"20":{"start":{"line":38,"column":25},"end":{"line":57,"column":3}},"21":{"start":{"line":39,"column":26},"end":{"line":39,"column":34}},"22":{"start":{"line":40,"column":19},"end":{"line":40,"column":29}},"23":{"start":{"line":42,"column":4},"end":{"line":44,"column":5}},"24":{"start":{"line":43,"column":6},"end":{"line":43,"column":90}},"25":{"start":{"line":46,"column":4},"end":{"line":56,"column":5}},"26":{"start":{"line":47,"column":26},"end":{"line":47,"column":74}},"27":{"start":{"line":48,"column":6},"end":{"line":52,"column":7}},"28":{"start":{"line":49,"column":8},"end":{"line":49,"column":91}},"29":{"start":{"line":51,"column":8},"end":{"line":51,"column":92}},"30":{"start":{"line":54,"column":6},"end":{"line":54,"column":60}},"31":{"start":{"line":55,"column":6},"end":{"line":55,"column":99}},"32":{"start":{"line":59,"column":0},"end":{"line":59,"column":56}}},"fnMap":{"0":{"name":"(anonymous_0)","decl":{"start":{"line":3,"column":18},"end":{"line":3,"column":19}},"loc":{"start":{"line":3,"column":38},"end":{"line":23,"column":3}},"line":3},"1":{"name":"(anonymous_1)","decl":{"start":{"line":26,"column":18},"end":{"line":26,"column":19}},"loc":{"start":{"line":26,"column":38},"end":{"line":36,"column":3}},"line":26},"2":{"name":"(anonymous_2)","decl":{"start":{"line":38,"column":25},"end":{"line":38,"column":26}},"loc":{"start":{"line":38,"column":45},"end":{"line":57,"column":3}},"line":38}},"branchMap":{"0":{"loc":{"start":{"line":7,"column":4},"end":{"line":9,"column":5}},"type":"if","locations":[{"start":{"line":7,"column":4},"end":{"line":9,"column":5}},{"start":{},"end":{}}],"line":7},"1":{"loc":{"start":{"line":14,"column":6},"end":{"line":16,"column":7}},"type":"if","locations":[{"start":{"line":14,"column":6},"end":{"line":16,"column":7}},{"start":{},"end":{}}],"line":14},"2":{"loc":{"start":{"line":42,"column":4},"end":{"line":44,"column":5}},"type":"if","locations":[{"start":{"line":42,"column":4},"end":{"line":44,"column":5}},{"start":{},"end":{}}],"line":42},"3":{"loc":{"start":{"line":48,"column":6},"end":{"line":52,"column":7}},"type":"if","locations":[{"start":{"line":48,"column":6},"end":{"line":52,"column":7}},{"start":{"line":50,"column":13},"end":{"line":52,"column":7}}],"line":48}},"s":{"0":1,"1":1,"2":0,"3":0,"4":0,"5":0,"6":0,"7":0,"8":0,"9":0,"10":0,"11":0,"12":0,"13":1,"14":0,"15":0,"16":0,"17":0,"18":0,"19":0,"20":1,"21":0,"22":0,"23":0,"24":0,"25":0,"26":0,"27":0,"28":0,"29":0,"30":0,"31":0,"32":1},"f":{"0":0,"1":0,"2":0},"b":{"0":[0,0],"1":[0,0],"2":[0,0],"3":[0,0]},"_coverageSchema":"1a1c01bbd47fc00a2c39e90264f33305004495a9","hash":"b2d4b0479858661961a6f6fe9cf017d6005bbd06"}
,"D:\\techhive\\backend\\controller\\orderController.js": {"path":"D:\\techhive\\backend\\controller\\orderController.js","statementMap":{"0":{"start":{"line":1,"column":19},"end":{"line":1,"column":49}},"1":{"start":{"line":3,"column":24},"end":{"line":93,"column":1}},"2":{"start":{"line":5,"column":8},"end":{"line":24,"column":9}},"3":{"start":{"line":6,"column":25},"end":{"line":6,"column":35}},"4":{"start":{"line":7,"column":54},"end":{"line":7,"column":62}},"5":{"start":{"line":10,"column":10},"end":{"line":12,"column":11}},"6":{"start":{"line":11,"column":12},"end":{"line":11,"column":96}},"7":{"start":{"line":14,"column":27},"end":{"line":14,"column":95}},"8":{"start":{"line":16,"column":10},"end":{"line":20,"column":13}},"9":{"start":{"line":22,"column":10},"end":{"line":22,"column":55}},"10":{"start":{"line":23,"column":10},"end":{"line":23,"column":85}},"11":{"start":{"line":29,"column":23},"end":{"line":29,"column":33}},"12":{"start":{"line":31,"column":8},"end":{"line":33,"column":9}},"13":{"start":{"line":32,"column":10},"end":{"line":32,"column":93}},"14":{"start":{"line":35,"column":8},"end":{"line":44,"column":9}},"15":{"start":{"line":36,"column":25},"end":{"line":36,"column":67}},"16":{"start":{"line":37,"column":10},"end":{"line":39,"column":11}},"17":{"start":{"line":38,"column":12},"end":{"line":38,"column":88}},"18":{"start":{"line":40,"column":10},"end":{"line":40,"column":58}},"19":{"start":{"line":42,"column":10},"end":{"line":42,"column":57}},"20":{"start":{"line":43,"column":10},"end":{"line":43,"column":85}},"21":{"start":{"line":49,"column":24},"end":{"line":49,"column":34}},"22":{"start":{"line":51,"column":4},"end":{"line":60,"column":5}},"23":{"start":{"line":52,"column":21},"end":{"line":52,"column":62}},"24":{"start":{"line":53,"column":6},"end":{"line":55,"column":7}},"25":{"start":{"line":54,"column":8},"end":{"line":54,"column":84}},"26":{"start":{"line":56,"column":6},"end":{"line":56,"column":85}},"27":{"start":{"line":58,"column":6},"end":{"line":58,"column":52}},"28":{"start":{"line":59,"column":6},"end":{"line":59,"column":82}},"29":{"start":{"line":63,"column":4},"end":{"line":74,"column":5}},"30":{"start":{"line":64,"column":21},"end":{"line":64,"column":52}},"31":{"start":{"line":66,"column":6},"end":{"line":68,"column":7}},"32":{"start":{"line":67,"column":8},"end":{"line":67,"column":84}},"33":{"start":{"line":70,"column":6},"end":{"line":70,"column":62}},"34":{"start":{"line":72,"column":6},"end":{"line":72,"column":57}},"35":{"start":{"line":73,"column":6},"end":{"line":73,"column":71}},"36":{"start":{"line":79,"column":24},"end":{"line":79,"column":34}},"37":{"start":{"line":81,"column":4},"end":{"line":91,"column":5}},"38":{"start":{"line":82,"column":27},"end":{"line":82,"column":68}},"39":{"start":{"line":83,"column":6},"end":{"line":87,"column":9}},"40":{"start":{"line":89,"column":6},"end":{"line":89,"column":53}},"41":{"start":{"line":90,"column":6},"end":{"line":90,"column":82}},"42":{"start":{"line":97,"column":0},"end":{"line":97,"column":33}}},"fnMap":{"0":{"name":"(anonymous_0)","decl":{"start":{"line":4,"column":16},"end":{"line":4,"column":17}},"loc":{"start":{"line":4,"column":36},"end":{"line":25,"column":7}},"line":4},"1":{"name":"(anonymous_1)","decl":{"start":{"line":28,"column":17},"end":{"line":28,"column":18}},"loc":{"start":{"line":28,"column":37},"end":{"line":45,"column":7}},"line":28},"2":{"name":"(anonymous_2)","decl":{"start":{"line":48,"column":15},"end":{"line":48,"column":16}},"loc":{"start":{"line":48,"column":35},"end":{"line":61,"column":3}},"line":48},"3":{"name":"(anonymous_3)","decl":{"start":{"line":62,"column":16},"end":{"line":62,"column":17}},"loc":{"start":{"line":62,"column":36},"end":{"line":75,"column":3}},"line":62},"4":{"name":"(anonymous_4)","decl":{"start":{"line":78,"column":16},"end":{"line":78,"column":17}},"loc":{"start":{"line":78,"column":36},"end":{"line":92,"column":3}},"line":78}},"branchMap":{"0":{"loc":{"start":{"line":10,"column":10},"end":{"line":12,"column":11}},"type":"if","locations":[{"start":{"line":10,"column":10},"end":{"line":12,"column":11}},{"start":{},"end":{}}],"line":10},"1":{"loc":{"start":{"line":10,"column":14},"end":{"line":10,"column":52}},"type":"binary-expr","locations":[{"start":{"line":10,"column":14},"end":{"line":10,"column":24}},{"start":{"line":10,"column":28},"end":{"line":10,"column":37}},{"start":{"line":10,"column":41},"end":{"line":10,"column":52}}],"line":10},"2":{"loc":{"start":{"line":31,"column":8},"end":{"line":33,"column":9}},"type":"if","locations":[{"start":{"line":31,"column":8},"end":{"line":33,"column":9}},{"start":{},"end":{}}],"line":31},"3":{"loc":{"start":{"line":37,"column":10},"end":{"line":39,"column":11}},"type":"if","locations":[{"start":{"line":37,"column":10},"end":{"line":39,"column":11}},{"start":{},"end":{}}],"line":37},"4":{"loc":{"start":{"line":53,"column":6},"end":{"line":55,"column":7}},"type":"if","locations":[{"start":{"line":53,"column":6},"end":{"line":55,"column":7}},{"start":{},"end":{}}],"line":53},"5":{"loc":{"start":{"line":66,"column":6},"end":{"line":68,"column":7}},"type":"if","locations":[{"start":{"line":66,"column":6},"end":{"line":68,"column":7}},{"start":{},"end":{}}],"line":66},"6":{"loc":{"start":{"line":66,"column":10},"end":{"line":66,"column":40}},"type":"binary-expr","locations":[{"start":{"line":66,"column":10},"end":{"line":66,"column":17}},{"start":{"line":66,"column":21},"end":{"line":66,"column":40}}],"line":66}},"s":{"0":1,"1":1,"2":0,"3":0,"4":0,"5":0,"6":0,"7":0,"8":0,"9":0,"10":0,"11":0,"12":0,"13":0,"14":0,"15":0,"16":0,"17":0,"18":0,"19":0,"20":0,"21":0,"22":0,"23":0,"24":0,"25":0,"26":0,"27":0,"28":0,"29":0,"30":0,"31":0,"32":0,"33":0,"34":0,"35":0,"36":0,"37":0,"38":0,"39":0,"40":0,"41":0,"42":1},"f":{"0":0,"1":0,"2":0,"3":0,"4":0},"b":{"0":[0,0],"1":[0,0,0],"2":[0,0],"3":[0,0],"4":[0,0],"5":[0,0],"6":[0,0]},"_coverageSchema":"1a1c01bbd47fc00a2c39e90264f33305004495a9","hash":"dabecef7a63fe044e53b210a7f81e42c11f0570f"}
,"D:\\techhive\\backend\\controller\\productController.js": {"path":"D:\\techhive\\backend\\controller\\productController.js","statementMap":{"0":{"start":{"line":1,"column":21},"end":{"line":1,"column":53}},"1":{"start":{"line":2,"column":19},"end":{"line":2,"column":43}},"2":{"start":{"line":3,"column":0},"end":{"line":3,"column":27}},"3":{"start":{"line":6,"column":0},"end":{"line":10,"column":3}},"4":{"start":{"line":13,"column":0},"end":{"line":30,"column":2}},"5":{"start":{"line":14,"column":4},"end":{"line":29,"column":5}},"6":{"start":{"line":15,"column":31},"end":{"line":20,"column":9}},"7":{"start":{"line":17,"column":31},"end":{"line":17,"column":74}},"8":{"start":{"line":18,"column":16},"end":{"line":18,"column":41}},"9":{"start":{"line":22,"column":28},"end":{"line":22,"column":67}},"10":{"start":{"line":23,"column":24},"end":{"line":23,"column":66}},"11":{"start":{"line":25,"column":8},"end":{"line":25,"column":38}},"12":{"start":{"line":27,"column":8},"end":{"line":27,"column":29}},"13":{"start":{"line":28,"column":8},"end":{"line":28,"column":66}},"14":{"start":{"line":33,"column":0},"end":{"line":41,"column":2}},"15":{"start":{"line":34,"column":4},"end":{"line":40,"column":5}},"16":{"start":{"line":35,"column":25},"end":{"line":35,"column":60}},"17":{"start":{"line":36,"column":8},"end":{"line":36,"column":39}},"18":{"start":{"line":38,"column":8},"end":{"line":38,"column":29}},"19":{"start":{"line":39,"column":8},"end":{"line":39,"column":69}},"20":{"start":{"line":44,"column":0},"end":{"line":55,"column":2}},"21":{"start":{"line":45,"column":19},"end":{"line":45,"column":29}},"22":{"start":{"line":46,"column":4},"end":{"line":54,"column":5}},"23":{"start":{"line":47,"column":24},"end":{"line":47,"column":61}},"24":{"start":{"line":48,"column":8},"end":{"line":50,"column":9}},"25":{"start":{"line":49,"column":12},"end":{"line":49,"column":74}},"26":{"start":{"line":51,"column":8},"end":{"line":51,"column":26}},"27":{"start":{"line":53,"column":8},"end":{"line":53,"column":65}},"28":{"start":{"line":58,"column":0},"end":{"line":86,"column":2}},"29":{"start":{"line":59,"column":19},"end":{"line":59,"column":29}},"30":{"start":{"line":60,"column":27},"end":{"line":60,"column":70}},"31":{"start":{"line":62,"column":4},"end":{"line":85,"column":5}},"32":{"start":{"line":64,"column":24},"end":{"line":64,"column":61}},"33":{"start":{"line":65,"column":8},"end":{"line":67,"column":9}},"34":{"start":{"line":66,"column":12},"end":{"line":66,"column":74}},"35":{"start":{"line":70,"column":8},"end":{"line":73,"column":9}},"36":{"start":{"line":71,"column":29},"end":{"line":71,"column":63}},"37":{"start":{"line":72,"column":12},"end":{"line":72,"column":56}},"38":{"start":{"line":76,"column":30},"end":{"line":76,"column":91}},"39":{"start":{"line":76,"column":61},"end":{"line":76,"column":90}},"40":{"start":{"line":79,"column":8},"end":{"line":79,"column":85}},"41":{"start":{"line":81,"column":8},"end":{"line":81,"column":85}},"42":{"start":{"line":83,"column":8},"end":{"line":83,"column":56}},"43":{"start":{"line":84,"column":8},"end":{"line":84,"column":58}},"44":{"start":{"line":90,"column":0},"end":{"line":104,"column":2}},"45":{"start":{"line":91,"column":19},"end":{"line":91,"column":29}},"46":{"start":{"line":92,"column":4},"end":{"line":102,"column":5}},"47":{"start":{"line":93,"column":31},"end":{"line":93,"column":67}},"48":{"start":{"line":94,"column":8},"end":{"line":98,"column":9}},"49":{"start":{"line":95,"column":12},"end":{"line":95,"column":78}},"50":{"start":{"line":97,"column":12},"end":{"line":97,"column":67}},"51":{"start":{"line":100,"column":8},"end":{"line":100,"column":29}},"52":{"start":{"line":101,"column":8},"end":{"line":101,"column":68}},"53":{"start":{"line":106,"column":0},"end":{"line":114,"column":2}},"54":{"start":{"line":107,"column":4},"end":{"line":113,"column":5}},"55":{"start":{"line":108,"column":25},"end":{"line":108,"column":44}},"56":{"start":{"line":109,"column":25},"end":{"line":109,"column":75}},"57":{"start":{"line":110,"column":8},"end":{"line":110,"column":27}},"58":{"start":{"line":112,"column":8},"end":{"line":112,"column":69}},"59":{"start":{"line":116,"column":0},"end":{"line":124,"column":2}},"60":{"start":{"line":117,"column":4},"end":{"line":123,"column":5}},"61":{"start":{"line":118,"column":25},"end":{"line":118,"column":44}},"62":{"start":{"line":119,"column":25},"end":{"line":119,"column":68}},"63":{"start":{"line":120,"column":8},"end":{"line":120,"column":27}},"64":{"start":{"line":122,"column":8},"end":{"line":122,"column":69}},"65":{"start":{"line":126,"column":0},"end":{"line":138,"column":2}},"66":{"start":{"line":127,"column":19},"end":{"line":127,"column":29}},"67":{"start":{"line":128,"column":4},"end":{"line":136,"column":5}},"68":{"start":{"line":129,"column":24},"end":{"line":129,"column":63}},"69":{"start":{"line":130,"column":8},"end":{"line":132,"column":9}},"70":{"start":{"line":131,"column":12},"end":{"line":131,"column":74}},"71":{"start":{"line":133,"column":8},"end":{"line":133,"column":26}},"72":{"start":{"line":135,"column":8},"end":{"line":135,"column":75}}},"fnMap":{"0":{"name":"(anonymous_0)","decl":{"start":{"line":13,"column":21},"end":{"line":13,"column":22}},"loc":{"start":{"line":13,"column":41},"end":{"line":30,"column":1}},"line":13},"1":{"name":"(anonymous_1)","decl":{"start":{"line":16,"column":26},"end":{"line":16,"column":27}},"loc":{"start":{"line":16,"column":42},"end":{"line":19,"column":13}},"line":16},"2":{"name":"(anonymous_2)","decl":{"start":{"line":33,"column":22},"end":{"line":33,"column":23}},"loc":{"start":{"line":33,"column":42},"end":{"line":41,"column":1}},"line":33},"3":{"name":"(anonymous_3)","decl":{"start":{"line":44,"column":21},"end":{"line":44,"column":22}},"loc":{"start":{"line":44,"column":41},"end":{"line":55,"column":1}},"line":44},"4":{"name":"(anonymous_4)","decl":{"start":{"line":58,"column":24},"end":{"line":58,"column":25}},"loc":{"start":{"line":58,"column":44},"end":{"line":86,"column":1}},"line":58},"5":{"name":"(anonymous_5)","decl":{"start":{"line":76,"column":52},"end":{"line":76,"column":53}},"loc":{"start":{"line":76,"column":61},"end":{"line":76,"column":90}},"line":76},"6":{"name":"(anonymous_6)","decl":{"start":{"line":90,"column":24},"end":{"line":90,"column":25}},"loc":{"start":{"line":90,"column":44},"end":{"line":104,"column":1}},"line":90},"7":{"name":"(anonymous_7)","decl":{"start":{"line":106,"column":32},"end":{"line":106,"column":33}},"loc":{"start":{"line":106,"column":52},"end":{"line":114,"column":1}},"line":106},"8":{"name":"(anonymous_8)","decl":{"start":{"line":116,"column":25},"end":{"line":116,"column":26}},"loc":{"start":{"line":116,"column":45},"end":{"line":124,"column":1}},"line":116},"9":{"name":"(anonymous_9)","decl":{"start":{"line":126,"column":27},"end":{"line":126,"column":28}},"loc":{"start":{"line":126,"column":47},"end":{"line":138,"column":1}},"line":126}},"branchMap":{"0":{"loc":{"start":{"line":48,"column":8},"end":{"line":50,"column":9}},"type":"if","locations":[{"start":{"line":48,"column":8},"end":{"line":50,"column":9}},{"start":{},"end":{}}],"line":48},"1":{"loc":{"start":{"line":60,"column":38},"end":{"line":60,"column":69}},"type":"binary-expr","locations":[{"start":{"line":60,"column":38},"end":{"line":60,"column":61}},{"start":{"line":60,"column":65},"end":{"line":60,"column":69}}],"line":60},"2":{"loc":{"start":{"line":65,"column":8},"end":{"line":67,"column":9}},"type":"if","locations":[{"start":{"line":65,"column":8},"end":{"line":67,"column":9}},{"start":{},"end":{}}],"line":65},"3":{"loc":{"start":{"line":94,"column":8},"end":{"line":98,"column":9}},"type":"if","locations":[{"start":{"line":94,"column":8},"end":{"line":98,"column":9}},{"start":{"line":96,"column":15},"end":{"line":98,"column":9}}],"line":94},"4":{"loc":{"start":{"line":130,"column":8},"end":{"line":132,"column":9}},"type":"if","locations":[{"start":{"line":130,"column":8},"end":{"line":132,"column":9}},{"start":{},"end":{}}],"line":130}},"s":{"0":1,"1":1,"2":1,"3":1,"4":1,"5":0,"6":0,"7":0,"8":0,"9":0,"10":0,"11":0,"12":0,"13":0,"14":1,"15":0,"16":0,"17":0,"18":0,"19":0,"20":1,"21":0,"22":0,"23":0,"24":0,"25":0,"26":0,"27":0,"28":1,"29":0,"30":0,"31":0,"32":0,"33":0,"34":0,"35":0,"36":0,"37":0,"38":0,"39":0,"40":0,"41":0,"42":0,"43":0,"44":1,"45":0,"46":0,"47":0,"48":0,"49":0,"50":0,"51":0,"52":0,"53":1,"54":0,"55":0,"56":0,"57":0,"58":0,"59":1,"60":0,"61":0,"62":0,"63":0,"64":0,"65":1,"66":0,"67":0,"68":0,"69":0,"70":0,"71":0,"72":0},"f":{"0":0,"1":0,"2":0,"3":0,"4":0,"5":0,"6":0,"7":0,"8":0,"9":0},"b":{"0":[0,0],"1":[0,0],"2":[0,0],"3":[0,0],"4":[0,0]},"_coverageSchema":"1a1c01bbd47fc00a2c39e90264f33305004495a9","hash":"29f512b3b82c52a4019a529af158021b62578a40"}
,"D:\\techhive\\backend\\controller\\searchController.js": {"path":"D:\\techhive\\backend\\controller\\searchController.js","statementMap":{"0":{"start":{"line":1,"column":20},"end":{"line":1,"column":51}},"1":{"start":{"line":3,"column":23},"end":{"line":15,"column":1}},"2":{"start":{"line":4,"column":4},"end":{"line":14,"column":5}},"3":{"start":{"line":5,"column":26},"end":{"line":5,"column":35}},"4":{"start":{"line":6,"column":8},"end":{"line":8,"column":9}},"5":{"start":{"line":7,"column":12},"end":{"line":7,"column":81}},"6":{"start":{"line":10,"column":24},"end":{"line":10,"column":63}},"7":{"start":{"line":11,"column":8},"end":{"line":11,"column":26}},"8":{"start":{"line":13,"column":8},"end":{"line":13,"column":58}},"9":{"start":{"line":17,"column":0},"end":{"line":17,"column":36}}},"fnMap":{"0":{"name":"(anonymous_0)","decl":{"start":{"line":3,"column":23},"end":{"line":3,"column":24}},"loc":{"start":{"line":3,"column":43},"end":{"line":15,"column":1}},"line":3}},"branchMap":{"0":{"loc":{"start":{"line":6,"column":8},"end":{"line":8,"column":9}},"type":"if","locations":[{"start":{"line":6,"column":8},"end":{"line":8,"column":9}},{"start":{},"end":{}}],"line":6}},"s":{"0":1,"1":1,"2":0,"3":0,"4":0,"5":0,"6":0,"7":0,"8":0,"9":1},"f":{"0":0},"b":{"0":[0,0]},"_coverageSchema":"1a1c01bbd47fc00a2c39e90264f33305004495a9","hash":"c6c499d1ee387641954b9fabd579b24225644b44"}
,"D:\\techhive\\backend\\controller\\userController.js": {"path":"D:\\techhive\\backend\\controller\\userController.js","statementMap":{"0":{"start":{"line":1,"column":15},"end":{"line":1,"column":34}},"1":{"start":{"line":2,"column":12},"end":{"line":2,"column":35}},"2":{"start":{"line":3,"column":18},"end":{"line":3,"column":47}},"3":{"start":{"line":4,"column":19},"end":{"line":4,"column":40}},"4":{"start":{"line":5,"column":0},"end":{"line":5,"column":27}},"5":{"start":{"line":10,"column":20},"end":{"line":14,"column":1}},"6":{"start":{"line":11,"column":18},"end":{"line":11,"column":69}},"7":{"start":{"line":12,"column":4},"end":{"line":12,"column":48}},"8":{"start":{"line":12,"column":16},"end":{"line":12,"column":48}},"9":{"start":{"line":13,"column":4},"end":{"line":13,"column":53}},"10":{"start":{"line":17,"column":20},"end":{"line":23,"column":2}},"11":{"start":{"line":25,"column":23},"end":{"line":262,"column":1}},"12":{"start":{"line":28,"column":8},"end":{"line":50,"column":9}},"13":{"start":{"line":29,"column":55},"end":{"line":29,"column":63}},"14":{"start":{"line":32,"column":12},"end":{"line":34,"column":13}},"15":{"start":{"line":33,"column":16},"end":{"line":33,"column":80}},"16":{"start":{"line":37,"column":33},"end":{"line":37,"column":71}},"17":{"start":{"line":38,"column":12},"end":{"line":40,"column":13}},"18":{"start":{"line":39,"column":16},"end":{"line":39,"column":77}},"19":{"start":{"line":43,"column":35},"end":{"line":43,"column":66}},"20":{"start":{"line":44,"column":28},"end":{"line":44,"column":92}},"21":{"start":{"line":46,"column":12},"end":{"line":46,"column":87}},"22":{"start":{"line":48,"column":12},"end":{"line":48,"column":58}},"23":{"start":{"line":49,"column":12},"end":{"line":49,"column":58}},"24":{"start":{"line":55,"column":8},"end":{"line":81,"column":9}},"25":{"start":{"line":56,"column":40},"end":{"line":56,"column":48}},"26":{"start":{"line":59,"column":12},"end":{"line":61,"column":13}},"27":{"start":{"line":60,"column":16},"end":{"line":60,"column":88}},"28":{"start":{"line":64,"column":25},"end":{"line":64,"column":63}},"29":{"start":{"line":65,"column":12},"end":{"line":65,"column":79}},"30":{"start":{"line":65,"column":23},"end":{"line":65,"column":79}},"31":{"start":{"line":68,"column":28},"end":{"line":68,"column":73}},"32":{"start":{"line":69,"column":12},"end":{"line":69,"column":86}},"33":{"start":{"line":69,"column":26},"end":{"line":69,"column":86}},"34":{"start":{"line":72,"column":26},"end":{"line":72,"column":100}},"35":{"start":{"line":75,"column":60},"end":{"line":75,"column":64}},"36":{"start":{"line":77,"column":12},"end":{"line":77,"column":59}},"37":{"start":{"line":79,"column":12},"end":{"line":79,"column":57}},"38":{"start":{"line":80,"column":12},"end":{"line":80,"column":58}},"39":{"start":{"line":87,"column":4},"end":{"line":93,"column":5}},"40":{"start":{"line":88,"column":22},"end":{"line":88,"column":51}},"41":{"start":{"line":89,"column":8},"end":{"line":89,"column":36}},"42":{"start":{"line":91,"column":8},"end":{"line":91,"column":54}},"43":{"start":{"line":92,"column":8},"end":{"line":92,"column":67}},"44":{"start":{"line":98,"column":8},"end":{"line":108,"column":9}},"45":{"start":{"line":99,"column":28},"end":{"line":99,"column":44}},"46":{"start":{"line":100,"column":25},"end":{"line":100,"column":69}},"47":{"start":{"line":102,"column":12},"end":{"line":102,"column":78}},"48":{"start":{"line":102,"column":23},"end":{"line":102,"column":78}},"49":{"start":{"line":104,"column":12},"end":{"line":104,"column":27}},"50":{"start":{"line":106,"column":12},"end":{"line":106,"column":68}},"51":{"start":{"line":107,"column":12},"end":{"line":107,"column":59}},"52":{"start":{"line":113,"column":8},"end":{"line":129,"column":9}},"53":{"start":{"line":114,"column":28},"end":{"line":114,"column":44}},"54":{"start":{"line":115,"column":25},"end":{"line":115,"column":69}},"55":{"start":{"line":117,"column":12},"end":{"line":117,"column":78}},"56":{"start":{"line":117,"column":23},"end":{"line":117,"column":78}},"57":{"start":{"line":120,"column":12},"end":{"line":125,"column":15}},"58":{"start":{"line":127,"column":12},"end":{"line":127,"column":66}},"59":{"start":{"line":128,"column":12},"end":{"line":128,"column":59}},"60":{"start":{"line":134,"column":8},"end":{"line":155,"column":9}},"61":{"start":{"line":135,"column":45},"end":{"line":135,"column":53}},"62":{"start":{"line":138,"column":12},"end":{"line":140,"column":13}},"63":{"start":{"line":139,"column":16},"end":{"line":139,"column":80}},"64":{"start":{"line":142,"column":28},"end":{"line":142,"column":44}},"65":{"start":{"line":143,"column":27},"end":{"line":143,"column":41}},"66":{"start":{"line":145,"column":32},"end":{"line":145,"column":88}},"67":{"start":{"line":146,"column":12},"end":{"line":146,"column":85}},"68":{"start":{"line":146,"column":30},"end":{"line":146,"column":85}},"69":{"start":{"line":148,"column":12},"end":{"line":151,"column":15}},"70":{"start":{"line":153,"column":12},"end":{"line":153,"column":63}},"71":{"start":{"line":154,"column":12},"end":{"line":154,"column":70}},"72":{"start":{"line":159,"column":8},"end":{"line":187,"column":9}},"73":{"start":{"line":160,"column":53},"end":{"line":160,"column":61}},"74":{"start":{"line":161,"column":26},"end":{"line":161,"column":53}},"75":{"start":{"line":163,"column":12},"end":{"line":163,"column":77}},"76":{"start":{"line":163,"column":24},"end":{"line":163,"column":77}},"77":{"start":{"line":166,"column":28},"end":{"line":166,"column":92}},"78":{"start":{"line":167,"column":27},"end":{"line":167,"column":41}},"79":{"start":{"line":170,"column":25},"end":{"line":170,"column":59}},"80":{"start":{"line":171,"column":12},"end":{"line":171,"column":78}},"81":{"start":{"line":171,"column":23},"end":{"line":171,"column":78}},"82":{"start":{"line":174,"column":28},"end":{"line":174,"column":80}},"83":{"start":{"line":175,"column":12},"end":{"line":175,"column":96}},"84":{"start":{"line":175,"column":26},"end":{"line":175,"column":96}},"85":{"start":{"line":178,"column":35},"end":{"line":178,"column":69}},"86":{"start":{"line":181,"column":12},"end":{"line":181,"column":71}},"87":{"start":{"line":183,"column":12},"end":{"line":183,"column":64}},"88":{"start":{"line":185,"column":12},"end":{"line":185,"column":61}},"89":{"start":{"line":186,"column":12},"end":{"line":186,"column":58}},"90":{"start":{"line":192,"column":8},"end":{"line":221,"column":9}},"91":{"start":{"line":193,"column":30},"end":{"line":193,"column":38}},"92":{"start":{"line":196,"column":25},"end":{"line":196,"column":63}},"93":{"start":{"line":197,"column":12},"end":{"line":197,"column":88}},"94":{"start":{"line":197,"column":23},"end":{"line":197,"column":88}},"95":{"start":{"line":200,"column":24},"end":{"line":200,"column":53}},"96":{"start":{"line":201,"column":30},"end":{"line":201,"column":67}},"97":{"start":{"line":204,"column":12},"end":{"line":204,"column":66}},"98":{"start":{"line":207,"column":32},"end":{"line":212,"column":13}},"99":{"start":{"line":214,"column":12},"end":{"line":217,"column":15}},"100":{"start":{"line":215,"column":16},"end":{"line":215,"column":85}},"101":{"start":{"line":215,"column":25},"end":{"line":215,"column":85}},"102":{"start":{"line":216,"column":16},"end":{"line":216,"column":59}},"103":{"start":{"line":219,"column":12},"end":{"line":219,"column":52}},"104":{"start":{"line":220,"column":12},"end":{"line":220,"column":58}},"105":{"start":{"line":226,"column":8},"end":{"line":237,"column":9}},"106":{"start":{"line":227,"column":35},"end":{"line":227,"column":43}},"107":{"start":{"line":230,"column":25},"end":{"line":230,"column":72}},"108":{"start":{"line":231,"column":12},"end":{"line":231,"column":86}},"109":{"start":{"line":231,"column":23},"end":{"line":231,"column":86}},"110":{"start":{"line":233,"column":12},"end":{"line":233,"column":59}},"111":{"start":{"line":235,"column":12},"end":{"line":235,"column":54}},"112":{"start":{"line":236,"column":12},"end":{"line":236,"column":58}},"113":{"start":{"line":242,"column":8},"end":{"line":259,"column":9}},"114":{"start":{"line":243,"column":48},"end":{"line":243,"column":56}},"115":{"start":{"line":246,"column":25},"end":{"line":246,"column":72}},"116":{"start":{"line":247,"column":12},"end":{"line":247,"column":86}},"117":{"start":{"line":247,"column":23},"end":{"line":247,"column":86}},"118":{"start":{"line":250,"column":35},"end":{"line":250,"column":69}},"119":{"start":{"line":253,"column":12},"end":{"line":253,"column":71}},"120":{"start":{"line":255,"column":12},"end":{"line":255,"column":59}},"121":{"start":{"line":257,"column":12},"end":{"line":257,"column":58}},"122":{"start":{"line":258,"column":12},"end":{"line":258,"column":58}},"123":{"start":{"line":264,"column":0},"end":{"line":264,"column":32}}},"fnMap":{"0":{"name":"(anonymous_0)","decl":{"start":{"line":10,"column":20},"end":{"line":10,"column":21}},"loc":{"start":{"line":10,"column":29},"end":{"line":14,"column":1}},"line":10},"1":{"name":"(anonymous_1)","decl":{"start":{"line":27,"column":4},"end":{"line":27,"column":5}},"loc":{"start":{"line":27,"column":31},"end":{"line":51,"column":5}},"line":27},"2":{"name":"(anonymous_2)","decl":{"start":{"line":54,"column":4},"end":{"line":54,"column":5}},"loc":{"start":{"line":54,"column":30},"end":{"line":82,"column":5}},"line":54},"3":{"name":"(anonymous_3)","decl":{"start":{"line":86,"column":4},"end":{"line":86,"column":5}},"loc":{"start":{"line":86,"column":33},"end":{"line":94,"column":1}},"line":86},"4":{"name":"(anonymous_4)","decl":{"start":{"line":97,"column":4},"end":{"line":97,"column":5}},"loc":{"start":{"line":97,"column":35},"end":{"line":109,"column":5}},"line":97},"5":{"name":"(anonymous_5)","decl":{"start":{"line":112,"column":4},"end":{"line":112,"column":5}},"loc":{"start":{"line":112,"column":39},"end":{"line":130,"column":5}},"line":112},"6":{"name":"(anonymous_6)","decl":{"start":{"line":133,"column":4},"end":{"line":133,"column":5}},"loc":{"start":{"line":133,"column":38},"end":{"line":156,"column":5}},"line":133},"7":{"name":"(anonymous_7)","decl":{"start":{"line":158,"column":4},"end":{"line":158,"column":5}},"loc":{"start":{"line":158,"column":39},"end":{"line":188,"column":5}},"line":158},"8":{"name":"(anonymous_8)","decl":{"start":{"line":191,"column":4},"end":{"line":191,"column":5}},"loc":{"start":{"line":191,"column":28},"end":{"line":222,"column":5}},"line":191},"9":{"name":"(anonymous_9)","decl":{"start":{"line":214,"column":46},"end":{"line":214,"column":47}},"loc":{"start":{"line":214,"column":55},"end":{"line":217,"column":13}},"line":214},"10":{"name":"(anonymous_10)","decl":{"start":{"line":225,"column":4},"end":{"line":225,"column":5}},"loc":{"start":{"line":225,"column":30},"end":{"line":238,"column":5}},"line":225},"11":{"name":"(anonymous_11)","decl":{"start":{"line":241,"column":4},"end":{"line":241,"column":5}},"loc":{"start":{"line":241,"column":34},"end":{"line":260,"column":5}},"line":241}},"branchMap":{"0":{"loc":{"start":{"line":12,"column":4},"end":{"line":12,"column":48}},"type":"if","locations":[{"start":{"line":12,"column":4},"end":{"line":12,"column":48}},{"start":{},"end":{}}],"line":12},"1":{"loc":{"start":{"line":32,"column":12},"end":{"line":34,"column":13}},"type":"if","locations":[{"start":{"line":32,"column":12},"end":{"line":34,"column":13}},{"start":{},"end":{}}],"line":32},"2":{"loc":{"start":{"line":32,"column":16},"end":{"line":32,"column":56}},"type":"binary-expr","locations":[{"start":{"line":32,"column":16},"end":{"line":32,"column":21}},{"start":{"line":32,"column":25},"end":{"line":32,"column":33}},{"start":{"line":32,"column":37},"end":{"line":32,"column":43}},{"start":{"line":32,"column":47},"end":{"line":32,"column":56}}],"line":32},"3":{"loc":{"start":{"line":38,"column":12},"end":{"line":40,"column":13}},"type":"if","locations":[{"start":{"line":38,"column":12},"end":{"line":40,"column":13}},{"start":{},"end":{}}],"line":38},"4":{"loc":{"start":{"line":59,"column":12},"end":{"line":61,"column":13}},"type":"if","locations":[{"start":{"line":59,"column":12},"end":{"line":61,"column":13}},{"start":{},"end":{}}],"line":59},"5":{"loc":{"start":{"line":59,"column":16},"end":{"line":59,"column":35}},"type":"binary-expr","locations":[{"start":{"line":59,"column":16},"end":{"line":59,"column":22}},{"start":{"line":59,"column":26},"end":{"line":59,"column":35}}],"line":59},"6":{"loc":{"start":{"line":65,"column":12},"end":{"line":65,"column":79}},"type":"if","locations":[{"start":{"line":65,"column":12},"end":{"line":65,"column":79}},{"start":{},"end":{}}],"line":65},"7":{"loc":{"start":{"line":69,"column":12},"end":{"line":69,"column":86}},"type":"if","locations":[{"start":{"line":69,"column":12},"end":{"line":69,"column":86}},{"start":{},"end":{}}],"line":69},"8":{"loc":{"start":{"line":102,"column":12},"end":{"line":102,"column":78}},"type":"if","locations":[{"start":{"line":102,"column":12},"end":{"line":102,"column":78}},{"start":{},"end":{}}],"line":102},"9":{"loc":{"start":{"line":117,"column":12},"end":{"line":117,"column":78}},"type":"if","locations":[{"start":{"line":117,"column":12},"end":{"line":117,"column":78}},{"start":{},"end":{}}],"line":117},"10":{"loc":{"start":{"line":138,"column":12},"end":{"line":140,"column":13}},"type":"if","locations":[{"start":{"line":138,"column":12},"end":{"line":140,"column":13}},{"start":{},"end":{}}],"line":138},"11":{"loc":{"start":{"line":138,"column":16},"end":{"line":138,"column":43}},"type":"binary-expr","locations":[{"start":{"line":138,"column":16},"end":{"line":138,"column":21}},{"start":{"line":138,"column":25},"end":{"line":138,"column":33}},{"start":{"line":138,"column":37},"end":{"line":138,"column":43}}],"line":138},"12":{"loc":{"start":{"line":146,"column":12},"end":{"line":146,"column":85}},"type":"if","locations":[{"start":{"line":146,"column":12},"end":{"line":146,"column":85}},{"start":{},"end":{}}],"line":146},"13":{"loc":{"start":{"line":163,"column":12},"end":{"line":163,"column":77}},"type":"if","locations":[{"start":{"line":163,"column":12},"end":{"line":163,"column":77}},{"start":{},"end":{}}],"line":163},"14":{"loc":{"start":{"line":171,"column":12},"end":{"line":171,"column":78}},"type":"if","locations":[{"start":{"line":171,"column":12},"end":{"line":171,"column":78}},{"start":{},"end":{}}],"line":171},"15":{"loc":{"start":{"line":175,"column":12},"end":{"line":175,"column":96}},"type":"if","locations":[{"start":{"line":175,"column":12},"end":{"line":175,"column":96}},{"start":{},"end":{}}],"line":175},"16":{"loc":{"start":{"line":197,"column":12},"end":{"line":197,"column":88}},"type":"if","locations":[{"start":{"line":197,"column":12},"end":{"line":197,"column":88}},{"start":{},"end":{}}],"line":197},"17":{"loc":{"start":{"line":215,"column":16},"end":{"line":215,"column":85}},"type":"if","locations":[{"start":{"line":215,"column":16},"end":{"line":215,"column":85}},{"start":{},"end":{}}],"line":215},"18":{"loc":{"start":{"line":231,"column":12},"end":{"line":231,"column":86}},"type":"if","locations":[{"start":{"line":231,"column":12},"end":{"line":231,"column":86}},{"start":{},"end":{}}],"line":231},"19":{"loc":{"start":{"line":247,"column":12},"end":{"line":247,"column":86}},"type":"if","locations":[{"start":{"line":247,"column":12},"end":{"line":247,"column":86}},{"start":{},"end":{}}],"line":247}},"s":{"0":1,"1":1,"2":1,"3":1,"4":1,"5":1,"6":0,"7":0,"8":0,"9":0,"10":1,"11":1,"12":0,"13":0,"14":0,"15":0,"16":0,"17":0,"18":0,"19":0,"20":0,"21":0,"22":0,"23":0,"24":0,"25":0,"26":0,"27":0,"28":0,"29":0,"30":0,"31":0,"32":0,"33":0,"34":0,"35":0,"36":0,"37":0,"38":0,"39":0,"40":0,"41":0,"42":0,"43":0,"44":0,"45":0,"46":0,"47":0,"48":0,"49":0,"50":0,"51":0,"52":0,"53":0,"54":0,"55":0,"56":0,"57":0,"58":0,"59":0,"60":0,"61":0,"62":0,"63":0,"64":0,"65":0,"66":0,"67":0,"68":0,"69":0,"70":0,"71":0,"72":0,"73":0,"74":0,"75":0,"76":0,"77":0,"78":0,"79":0,"80":0,"81":0,"82":0,"83":0,"84":0,"85":0,"86":0,"87":0,"88":0,"89":0,"90":0,"91":0,"92":0,"93":0,"94":0,"95":0,"96":0,"97":0,"98":0,"99":0,"100":0,"101":0,"102":0,"103":0,"104":0,"105":0,"106":0,"107":0,"108":0,"109":0,"110":0,"111":0,"112":0,"113":0,"114":0,"115":0,"116":0,"117":0,"118":0,"119":0,"120":0,"121":0,"122":0,"123":1},"f":{"0":0,"1":0,"2":0,"3":0,"4":0,"5":0,"6":0,"7":0,"8":0,"9":0,"10":0,"11":0},"b":{"0":[0,0],"1":[0,0],"2":[0,0,0,0],"3":[0,0],"4":[0,0],"5":[0,0],"6":[0,0],"7":[0,0],"8":[0,0],"9":[0,0],"10":[0,0],"11":[0,0,0],"12":[0,0],"13":[0,0],"14":[0,0],"15":[0,0],"16":[0,0],"17":[0,0],"18":[0,0],"19":[0,0]},"_coverageSchema":"1a1c01bbd47fc00a2c39e90264f33305004495a9","hash":"845e4cd8b4b093793b465af8a861926e665960ad"}
,"D:\\techhive\\backend\\database\\db.js": {"path":"D:\\techhive\\backend\\database\\db.js","statementMap":{"0":{"start":{"line":1,"column":17},"end":{"line":1,"column":30}},"1":{"start":{"line":2,"column":0},"end":{"line":2,"column":27}},"2":{"start":{"line":4,"column":13},"end":{"line":10,"column":2}},"3":{"start":{"line":12,"column":0},"end":{"line":14,"column":75}},"4":{"start":{"line":13,"column":16},"end":{"line":13,"column":65}},"5":{"start":{"line":14,"column":20},"end":{"line":14,"column":73}},"6":{"start":{"line":16,"column":0},"end":{"line":16,"column":22}}},"fnMap":{"0":{"name":"(anonymous_0)","decl":{"start":{"line":13,"column":10},"end":{"line":13,"column":11}},"loc":{"start":{"line":13,"column":16},"end":{"line":13,"column":65}},"line":13},"1":{"name":"(anonymous_1)","decl":{"start":{"line":14,"column":11},"end":{"line":14,"column":12}},"loc":{"start":{"line":14,"column":20},"end":{"line":14,"column":73}},"line":14}},"branchMap":{},"s":{"0":2,"1":2,"2":2,"3":2,"4":0,"5":0,"6":2},"f":{"0":0,"1":0},"b":{},"_coverageSchema":"1a1c01bbd47fc00a2c39e90264f33305004495a9","hash":"85249c8ce8c4a602338bba6f64fbaeb8b313740c"}
,"D:\\techhive\\backend\\middleware\\authMiddleware.js": {"path":"D:\\techhive\\backend\\middleware\\authMiddleware.js","statementMap":{"0":{"start":{"line":2,"column":0},"end":{"line":2,"column":27}},"1":{"start":{"line":3,"column":12},"end":{"line":3,"column":35}},"2":{"start":{"line":5,"column":23},"end":{"line":20,"column":1}},"3":{"start":{"line":6,"column":16},"end":{"line":6,"column":67}},"4":{"start":{"line":8,"column":2},"end":{"line":10,"column":3}},"5":{"start":{"line":9,"column":4},"end":{"line":9,"column":98}},"6":{"start":{"line":12,"column":2},"end":{"line":19,"column":3}},"7":{"start":{"line":13,"column":20},"end":{"line":13,"column":61}},"8":{"start":{"line":14,"column":4},"end":{"line":14,"column":32}},"9":{"start":{"line":15,"column":4},"end":{"line":15,"column":11}},"10":{"start":{"line":17,"column":4},"end":{"line":17,"column":51}},"11":{"start":{"line":18,"column":4},"end":{"line":18,"column":72}},"12":{"start":{"line":22,"column":0},"end":{"line":22,"column":32}}},"fnMap":{"0":{"name":"(anonymous_0)","decl":{"start":{"line":5,"column":23},"end":{"line":5,"column":24}},"loc":{"start":{"line":5,"column":43},"end":{"line":20,"column":1}},"line":5}},"branchMap":{"0":{"loc":{"start":{"line":8,"column":2},"end":{"line":10,"column":3}},"type":"if","locations":[{"start":{"line":8,"column":2},"end":{"line":10,"column":3}},{"start":{},"end":{}}],"line":8}},"s":{"0":1,"1":1,"2":1,"3":0,"4":0,"5":0,"6":0,"7":0,"8":0,"9":0,"10":0,"11":0,"12":1},"f":{"0":0},"b":{"0":[0,0]},"_coverageSchema":"1a1c01bbd47fc00a2c39e90264f33305004495a9","hash":"661fc9a124d8230bf6a342a056b288e10658ff9b"}
,"D:\\techhive\\backend\\model\\adminModel.js": {"path":"D:\\techhive\\backend\\model\\adminModel.js","statementMap":{"0":{"start":{"line":1,"column":13},"end":{"line":1,"column":38}},"1":{"start":{"line":3,"column":19},"end":{"line":18,"column":1}},"2":{"start":{"line":6,"column":22},"end":{"line":6,"column":112}},"3":{"start":{"line":7,"column":23},"end":{"line":7,"column":62}},"4":{"start":{"line":8,"column":23},"end":{"line":8,"column":54}},"5":{"start":{"line":9,"column":8},"end":{"line":9,"column":30}},"6":{"start":{"line":14,"column":22},"end":{"line":14,"column":61}},"7":{"start":{"line":15,"column":23},"end":{"line":15,"column":55}},"8":{"start":{"line":16,"column":8},"end":{"line":16,"column":30}},"9":{"start":{"line":20,"column":0},"end":{"line":20,"column":28}}},"fnMap":{"0":{"name":"(anonymous_0)","decl":{"start":{"line":5,"column":4},"end":{"line":5,"column":5}},"loc":{"start":{"line":5,"column":61},"end":{"line":10,"column":5}},"line":5},"1":{"name":"(anonymous_1)","decl":{"start":{"line":13,"column":4},"end":{"line":13,"column":5}},"loc":{"start":{"line":13,"column":34},"end":{"line":17,"column":5}},"line":13}},"branchMap":{},"s":{"0":1,"1":1,"2":0,"3":0,"4":0,"5":0,"6":0,"7":0,"8":0,"9":1},"f":{"0":0,"1":0},"b":{},"_coverageSchema":"1a1c01bbd47fc00a2c39e90264f33305004495a9","hash":"7cf157363f3ebecad7f2b63f1bf9d5847bc80e09"}
,"D:\\techhive\\backend\\model\\cartModel.js": {"path":"D:\\techhive\\backend\\model\\cartModel.js","statementMap":{"0":{"start":{"line":1,"column":13},"end":{"line":1,"column":38}},"1":{"start":{"line":7,"column":27},"end":{"line":10,"column":9}},"2":{"start":{"line":11,"column":28},"end":{"line":11,"column":47}},"3":{"start":{"line":12,"column":28},"end":{"line":12,"column":69}},"4":{"start":{"line":14,"column":8},"end":{"line":16,"column":9}},"5":{"start":{"line":15,"column":10},"end":{"line":15,"column":85}},"6":{"start":{"line":19,"column":28},"end":{"line":23,"column":9}},"7":{"start":{"line":24,"column":29},"end":{"line":24,"column":48}},"8":{"start":{"line":25,"column":29},"end":{"line":25,"column":72}},"9":{"start":{"line":26,"column":8},"end":{"line":26,"column":61}},"10":{"start":{"line":30,"column":22},"end":{"line":35,"column":5}},"11":{"start":{"line":36,"column":23},"end":{"line":36,"column":56}},"12":{"start":{"line":37,"column":8},"end":{"line":37,"column":27}},"13":{"start":{"line":41,"column":22},"end":{"line":45,"column":5}},"14":{"start":{"line":46,"column":23},"end":{"line":46,"column":42}},"15":{"start":{"line":47,"column":23},"end":{"line":47,"column":54}},"16":{"start":{"line":48,"column":8},"end":{"line":48,"column":30}},"17":{"start":{"line":52,"column":0},"end":{"line":52,"column":27}}},"fnMap":{"0":{"name":"(anonymous_0)","decl":{"start":{"line":5,"column":4},"end":{"line":5,"column":5}},"loc":{"start":{"line":5,"column":46},"end":{"line":27,"column":7}},"line":5},"1":{"name":"(anonymous_1)","decl":{"start":{"line":29,"column":4},"end":{"line":29,"column":5}},"loc":{"start":{"line":29,"column":39},"end":{"line":38,"column":5}},"line":29},"2":{"name":"(anonymous_2)","decl":{"start":{"line":40,"column":4},"end":{"line":40,"column":5}},"loc":{"start":{"line":40,"column":51},"end":{"line":49,"column":5}},"line":40}},"branchMap":{"0":{"loc":{"start":{"line":14,"column":8},"end":{"line":16,"column":9}},"type":"if","locations":[{"start":{"line":14,"column":8},"end":{"line":16,"column":9}},{"start":{},"end":{}}],"line":14}},"s":{"0":1,"1":0,"2":0,"3":0,"4":0,"5":0,"6":0,"7":0,"8":0,"9":0,"10":0,"11":0,"12":0,"13":0,"14":0,"15":0,"16":0,"17":1},"f":{"0":0,"1":0,"2":0},"b":{"0":[0,0]},"_coverageSchema":"1a1c01bbd47fc00a2c39e90264f33305004495a9","hash":"5dc8e801889986fd05573305502a570424e662f0"}
,"D:\\techhive\\backend\\model\\orderModel.js": {"path":"D:\\techhive\\backend\\model\\orderModel.js","statementMap":{"0":{"start":{"line":1,"column":13},"end":{"line":1,"column":38}},"1":{"start":{"line":3,"column":14},"end":{"line":82,"column":1}},"2":{"start":{"line":5,"column":4},"end":{"line":13,"column":5}},"3":{"start":{"line":6,"column":21},"end":{"line":9,"column":7}},"4":{"start":{"line":10,"column":6},"end":{"line":10,"column":28}},"5":{"start":{"line":12,"column":6},"end":{"line":12,"column":63}},"6":{"start":{"line":17,"column":4},"end":{"line":29,"column":5}},"7":{"start":{"line":18,"column":21},"end":{"line":25,"column":7}},"8":{"start":{"line":26,"column":6},"end":{"line":26,"column":25}},"9":{"start":{"line":28,"column":6},"end":{"line":28,"column":65}},"10":{"start":{"line":33,"column":4},"end":{"line":41,"column":5}},"11":{"start":{"line":34,"column":21},"end":{"line":37,"column":7}},"12":{"start":{"line":38,"column":6},"end":{"line":38,"column":20}},"13":{"start":{"line":40,"column":6},"end":{"line":40,"column":64}},"14":{"start":{"line":46,"column":2},"end":{"line":63,"column":3}},"15":{"start":{"line":47,"column":19},"end":{"line":54,"column":5}},"16":{"start":{"line":56,"column":4},"end":{"line":60,"column":5}},"17":{"start":{"line":57,"column":6},"end":{"line":57,"column":25}},"18":{"start":{"line":59,"column":6},"end":{"line":59,"column":41}},"19":{"start":{"line":62,"column":4},"end":{"line":62,"column":67}},"20":{"start":{"line":67,"column":2},"end":{"line":79,"column":3}},"21":{"start":{"line":68,"column":19},"end":{"line":71,"column":5}},"22":{"start":{"line":73,"column":4},"end":{"line":75,"column":5}},"23":{"start":{"line":74,"column":6},"end":{"line":74,"column":41}},"24":{"start":{"line":76,"column":4},"end":{"line":76,"column":26}},"25":{"start":{"line":78,"column":4},"end":{"line":78,"column":63}},"26":{"start":{"line":84,"column":0},"end":{"line":84,"column":23}}},"fnMap":{"0":{"name":"(anonymous_0)","decl":{"start":{"line":4,"column":14},"end":{"line":4,"column":15}},"loc":{"start":{"line":4,"column":65},"end":{"line":14,"column":3}},"line":4},"1":{"name":"(anonymous_1)","decl":{"start":{"line":16,"column":21},"end":{"line":16,"column":22}},"loc":{"start":{"line":16,"column":39},"end":{"line":30,"column":1}},"line":16},"2":{"name":"(anonymous_2)","decl":{"start":{"line":32,"column":17},"end":{"line":32,"column":18}},"loc":{"start":{"line":32,"column":36},"end":{"line":42,"column":3}},"line":32},"3":{"name":"(anonymous_3)","decl":{"start":{"line":45,"column":14},"end":{"line":45,"column":15}},"loc":{"start":{"line":45,"column":26},"end":{"line":64,"column":1}},"line":45},"4":{"name":"(anonymous_4)","decl":{"start":{"line":66,"column":17},"end":{"line":66,"column":18}},"loc":{"start":{"line":66,"column":36},"end":{"line":80,"column":1}},"line":66}},"branchMap":{"0":{"loc":{"start":{"line":56,"column":4},"end":{"line":60,"column":5}},"type":"if","locations":[{"start":{"line":56,"column":4},"end":{"line":60,"column":5}},{"start":{"line":58,"column":11},"end":{"line":60,"column":5}}],"line":56},"1":{"loc":{"start":{"line":56,"column":8},"end":{"line":56,"column":29}},"type":"binary-expr","locations":[{"start":{"line":56,"column":8},"end":{"line":56,"column":14}},{"start":{"line":56,"column":18},"end":{"line":56,"column":29}}],"line":56},"2":{"loc":{"start":{"line":73,"column":4},"end":{"line":75,"column":5}},"type":"if","locations":[{"start":{"line":73,"column":4},"end":{"line":75,"column":5}},{"start":{},"end":{}}],"line":73}},"s":{"0":1,"1":1,"2":0,"3":0,"4":0,"5":0,"6":0,"7":0,"8":0,"9":0,"10":0,"11":0,"12":0,"13":0,"14":0,"15":0,"16":0,"17":0,"18":0,"19":0,"20":0,"21":0,"22":0,"23":0,"24":0,"25":0,"26":1},"f":{"0":0,"1":0,"2":0,"3":0,"4":0},"b":{"0":[0,0],"1":[0,0],"2":[0,0]},"_coverageSchema":"1a1c01bbd47fc00a2c39e90264f33305004495a9","hash":"39c7d8800449a4c629c4ede15c22a309479537ee"}
,"D:\\techhive\\backend\\model\\productModel.js": {"path":"D:\\techhive\\backend\\model\\productModel.js","statementMap":{"0":{"start":{"line":1,"column":13},"end":{"line":1,"column":38}},"1":{"start":{"line":8,"column":12},"end":{"line":8,"column":16}},"2":{"start":{"line":10,"column":22},"end":{"line":14,"column":24}},"3":{"start":{"line":16,"column":23},"end":{"line":19,"column":9}},"4":{"start":{"line":21,"column":23},"end":{"line":21,"column":54}},"5":{"start":{"line":22,"column":8},"end":{"line":22,"column":30}},"6":{"start":{"line":26,"column":22},"end":{"line":29,"column":9}},"7":{"start":{"line":30,"column":23},"end":{"line":30,"column":46}},"8":{"start":{"line":31,"column":8},"end":{"line":31,"column":27}},"9":{"start":{"line":35,"column":22},"end":{"line":35,"column":70}},"10":{"start":{"line":36,"column":23},"end":{"line":36,"column":27}},"11":{"start":{"line":37,"column":23},"end":{"line":37,"column":54}},"12":{"start":{"line":38,"column":8},"end":{"line":38,"column":30}},"13":{"start":{"line":42,"column":22},"end":{"line":42,"column":60}},"14":{"start":{"line":43,"column":23},"end":{"line":43,"column":27}},"15":{"start":{"line":44,"column":23},"end":{"line":44,"column":54}},"16":{"start":{"line":45,"column":8},"end":{"line":45,"column":30}},"17":{"start":{"line":52,"column":12},"end":{"line":52,"column":16}},"18":{"start":{"line":54,"column":22},"end":{"line":59,"column":39}},"19":{"start":{"line":61,"column":23},"end":{"line":64,"column":9}},"20":{"start":{"line":66,"column":23},"end":{"line":66,"column":54}},"21":{"start":{"line":67,"column":8},"end":{"line":67,"column":30}},"22":{"start":{"line":72,"column":22},"end":{"line":72,"column":99}},"23":{"start":{"line":73,"column":23},"end":{"line":73,"column":33}},"24":{"start":{"line":74,"column":23},"end":{"line":74,"column":54}},"25":{"start":{"line":75,"column":8},"end":{"line":75,"column":27}},"26":{"start":{"line":79,"column":22},"end":{"line":79,"column":91}},"27":{"start":{"line":80,"column":23},"end":{"line":80,"column":33}},"28":{"start":{"line":81,"column":23},"end":{"line":81,"column":54}},"29":{"start":{"line":82,"column":8},"end":{"line":82,"column":27}},"30":{"start":{"line":86,"column":8},"end":{"line":95,"column":9}},"31":{"start":{"line":87,"column":27},"end":{"line":90,"column":13}},"32":{"start":{"line":91,"column":12},"end":{"line":91,"column":34}},"33":{"start":{"line":93,"column":12},"end":{"line":93,"column":60}},"34":{"start":{"line":94,"column":12},"end":{"line":94,"column":24}},"35":{"start":{"line":102,"column":0},"end":{"line":102,"column":30}}},"fnMap":{"0":{"name":"(anonymous_0)","decl":{"start":{"line":4,"column":4},"end":{"line":4,"column":5}},"loc":{"start":{"line":4,"column":34},"end":{"line":23,"column":5}},"line":4},"1":{"name":"(anonymous_1)","decl":{"start":{"line":25,"column":4},"end":{"line":25,"column":5}},"loc":{"start":{"line":25,"column":34},"end":{"line":32,"column":5}},"line":25},"2":{"name":"(anonymous_2)","decl":{"start":{"line":34,"column":4},"end":{"line":34,"column":5}},"loc":{"start":{"line":34,"column":35},"end":{"line":39,"column":5}},"line":34},"3":{"name":"(anonymous_3)","decl":{"start":{"line":41,"column":4},"end":{"line":41,"column":5}},"loc":{"start":{"line":41,"column":36},"end":{"line":46,"column":5}},"line":41},"4":{"name":"(anonymous_4)","decl":{"start":{"line":48,"column":4},"end":{"line":48,"column":5}},"loc":{"start":{"line":48,"column":41},"end":{"line":68,"column":5}},"line":48},"5":{"name":"(anonymous_5)","decl":{"start":{"line":71,"column":4},"end":{"line":71,"column":5}},"loc":{"start":{"line":71,"column":49},"end":{"line":76,"column":5}},"line":71},"6":{"name":"(anonymous_6)","decl":{"start":{"line":78,"column":4},"end":{"line":78,"column":5}},"loc":{"start":{"line":78,"column":42},"end":{"line":83,"column":5}},"line":78},"7":{"name":"(anonymous_7)","decl":{"start":{"line":85,"column":4},"end":{"line":85,"column":5}},"loc":{"start":{"line":85,"column":39},"end":{"line":96,"column":5}},"line":85}},"branchMap":{},"s":{"0":1,"1":0,"2":0,"3":0,"4":0,"5":0,"6":0,"7":0,"8":0,"9":0,"10":0,"11":0,"12":0,"13":0,"14":0,"15":0,"16":0,"17":0,"18":0,"19":0,"20":0,"21":0,"22":0,"23":0,"24":0,"25":0,"26":0,"27":0,"28":0,"29":0,"30":0,"31":0,"32":0,"33":0,"34":0,"35":1},"f":{"0":0,"1":0,"2":0,"3":0,"4":0,"5":0,"6":0,"7":0},"b":{},"_coverageSchema":"1a1c01bbd47fc00a2c39e90264f33305004495a9","hash":"9caa3edae3607b13599ee050a9a0dbe423644407"}
,"D:\\techhive\\backend\\model\\searchModel.js": {"path":"D:\\techhive\\backend\\model\\searchModel.js","statementMap":{"0":{"start":{"line":1,"column":13},"end":{"line":1,"column":38}},"1":{"start":{"line":5,"column":8},"end":{"line":19,"column":9}},"2":{"start":{"line":6,"column":32},"end":{"line":12,"column":13}},"3":{"start":{"line":14,"column":29},"end":{"line":14,"column":74}},"4":{"start":{"line":15,"column":12},"end":{"line":15,"column":24}},"5":{"start":{"line":17,"column":12},"end":{"line":17,"column":52}},"6":{"start":{"line":18,"column":12},"end":{"line":18,"column":24}},"7":{"start":{"line":23,"column":0},"end":{"line":23,"column":29}}},"fnMap":{"0":{"name":"(anonymous_0)","decl":{"start":{"line":4,"column":4},"end":{"line":4,"column":5}},"loc":{"start":{"line":4,"column":39},"end":{"line":20,"column":5}},"line":4}},"branchMap":{},"s":{"0":1,"1":0,"2":0,"3":0,"4":0,"5":0,"6":0,"7":1},"f":{"0":0},"b":{},"_coverageSchema":"1a1c01bbd47fc00a2c39e90264f33305004495a9","hash":"17407258a8a4e4e3f70ca4d7576e699973fb167f"}
,"D:\\techhive\\backend\\model\\userModel.js": {"path":"D:\\techhive\\backend\\model\\userModel.js","statementMap":{"0":{"start":{"line":1,"column":13},"end":{"line":1,"column":38}},"1":{"start":{"line":2,"column":15},"end":{"line":2,"column":32}},"2":{"start":{"line":5,"column":18},"end":{"line":83,"column":1}},"3":{"start":{"line":9,"column":8},"end":{"line":9,"column":48}},"4":{"start":{"line":13,"column":22},"end":{"line":13,"column":110}},"5":{"start":{"line":14,"column":23},"end":{"line":14,"column":61}},"6":{"start":{"line":15,"column":23},"end":{"line":15,"column":54}},"7":{"start":{"line":16,"column":8},"end":{"line":16,"column":30}},"8":{"start":{"line":21,"column":22},"end":{"line":21,"column":60}},"9":{"start":{"line":22,"column":23},"end":{"line":22,"column":55}},"10":{"start":{"line":23,"column":8},"end":{"line":23,"column":30}},"11":{"start":{"line":27,"column":22},"end":{"line":27,"column":80}},"12":{"start":{"line":28,"column":23},"end":{"line":28,"column":56}},"13":{"start":{"line":29,"column":8},"end":{"line":29,"column":30}},"14":{"start":{"line":34,"column":18},"end":{"line":34,"column":62}},"15":{"start":{"line":35,"column":19},"end":{"line":35,"column":42}},"16":{"start":{"line":36,"column":4},"end":{"line":36,"column":23}},"17":{"start":{"line":41,"column":22},"end":{"line":41,"column":102}},"18":{"start":{"line":42,"column":23},"end":{"line":42,"column":53}},"19":{"start":{"line":43,"column":23},"end":{"line":43,"column":54}},"20":{"start":{"line":44,"column":8},"end":{"line":44,"column":30}},"21":{"start":{"line":50,"column":22},"end":{"line":50,"column":57}},"22":{"start":{"line":51,"column":23},"end":{"line":51,"column":56}},"23":{"start":{"line":52,"column":8},"end":{"line":52,"column":30}},"24":{"start":{"line":56,"column":22},"end":{"line":56,"column":88}},"25":{"start":{"line":57,"column":23},"end":{"line":57,"column":47}},"26":{"start":{"line":58,"column":23},"end":{"line":58,"column":54}},"27":{"start":{"line":59,"column":8},"end":{"line":59,"column":30}},"28":{"start":{"line":64,"column":22},"end":{"line":64,"column":110}},"29":{"start":{"line":65,"column":23},"end":{"line":65,"column":52}},"30":{"start":{"line":66,"column":23},"end":{"line":66,"column":54}},"31":{"start":{"line":67,"column":8},"end":{"line":67,"column":30}},"32":{"start":{"line":71,"column":22},"end":{"line":71,"column":111}},"33":{"start":{"line":72,"column":23},"end":{"line":72,"column":66}},"34":{"start":{"line":73,"column":8},"end":{"line":73,"column":30}},"35":{"start":{"line":77,"column":22},"end":{"line":77,"column":134}},"36":{"start":{"line":78,"column":23},"end":{"line":78,"column":47}},"37":{"start":{"line":79,"column":23},"end":{"line":79,"column":54}},"38":{"start":{"line":80,"column":8},"end":{"line":80,"column":30}},"39":{"start":{"line":85,"column":0},"end":{"line":85,"column":27}}},"fnMap":{"0":{"name":"(anonymous_0)","decl":{"start":{"line":8,"column":4},"end":{"line":8,"column":5}},"loc":{"start":{"line":8,"column":24},"end":{"line":10,"column":5}},"line":8},"1":{"name":"(anonymous_1)","decl":{"start":{"line":12,"column":4},"end":{"line":12,"column":5}},"loc":{"start":{"line":12,"column":59},"end":{"line":17,"column":5}},"line":12},"2":{"name":"(anonymous_2)","decl":{"start":{"line":20,"column":4},"end":{"line":20,"column":5}},"loc":{"start":{"line":20,"column":33},"end":{"line":24,"column":5}},"line":20},"3":{"name":"(anonymous_3)","decl":{"start":{"line":26,"column":4},"end":{"line":26,"column":5}},"loc":{"start":{"line":26,"column":31},"end":{"line":30,"column":5}},"line":26},"4":{"name":"(anonymous_4)","decl":{"start":{"line":33,"column":0},"end":{"line":33,"column":1}},"loc":{"start":{"line":33,"column":20},"end":{"line":37,"column":1}},"line":33},"5":{"name":"(anonymous_5)","decl":{"start":{"line":40,"column":4},"end":{"line":40,"column":5}},"loc":{"start":{"line":40,"column":51},"end":{"line":45,"column":5}},"line":40},"6":{"name":"(anonymous_6)","decl":{"start":{"line":49,"column":4},"end":{"line":49,"column":5}},"loc":{"start":{"line":49,"column":29},"end":{"line":53,"column":5}},"line":49},"7":{"name":"(anonymous_7)","decl":{"start":{"line":55,"column":4},"end":{"line":55,"column":5}},"loc":{"start":{"line":55,"column":53},"end":{"line":60,"column":5}},"line":55},"8":{"name":"(anonymous_8)","decl":{"start":{"line":63,"column":4},"end":{"line":63,"column":5}},"loc":{"start":{"line":63,"column":54},"end":{"line":68,"column":5}},"line":63},"9":{"name":"(anonymous_9)","decl":{"start":{"line":70,"column":4},"end":{"line":70,"column":5}},"loc":{"start":{"line":70,"column":48},"end":{"line":74,"column":5}},"line":70},"10":{"name":"(anonymous_10)","decl":{"start":{"line":76,"column":4},"end":{"line":76,"column":5}},"loc":{"start":{"line":76,"column":52},"end":{"line":81,"column":5}},"line":76}},"branchMap":{},"s":{"0":1,"1":1,"2":1,"3":0,"4":0,"5":0,"6":0,"7":0,"8":0,"9":0,"10":0,"11":0,"12":0,"13":0,"14":0,"15":0,"16":0,"17":0,"18":0,"19":0,"20":0,"21":0,"22":0,"23":0,"24":0,"25":0,"26":0,"27":0,"28":0,"29":0,"30":0,"31":0,"32":0,"33":0,"34":0,"35":0,"36":0,"37":0,"38":0,"39":1},"f":{"0":0,"1":0,"2":0,"3":0,"4":0,"5":0,"6":0,"7":0,"8":0,"9":0,"10":0},"b":{},"_coverageSchema":"1a1c01bbd47fc00a2c39e90264f33305004495a9","hash":"20de0811fb59de60c00f4f5fda039e95bb5ed7e0"}
,"D:\\techhive\\backend\\routes\\adminRoutes.js": {"path":"D:\\techhive\\backend\\routes\\adminRoutes.js","statementMap":{"0":{"start":{"line":1,"column":16},"end":{"line":1,"column":34}},"1":{"start":{"line":2,"column":24},"end":{"line":2,"column":64}},"2":{"start":{"line":4,"column":15},"end":{"line":4,"column":31}},"3":{"start":{"line":7,"column":0},"end":{"line":7,"column":52}},"4":{"start":{"line":10,"column":0},"end":{"line":10,"column":50}},"5":{"start":{"line":12,"column":0},"end":{"line":12,"column":24}}},"fnMap":{},"branchMap":{},"s":{"0":1,"1":1,"2":1,"3":1,"4":1,"5":1},"f":{},"b":{},"_coverageSchema":"1a1c01bbd47fc00a2c39e90264f33305004495a9","hash":"3ac7c59b32488bf615fc455504df3bd3b1e9b0ad"}
,"D:\\techhive\\backend\\routes\\cartRoutes.js": {"path":"D:\\techhive\\backend\\routes\\cartRoutes.js","statementMap":{"0":{"start":{"line":1,"column":16},"end":{"line":1,"column":34}},"1":{"start":{"line":2,"column":23},"end":{"line":2,"column":62}},"2":{"start":{"line":3,"column":23},"end":{"line":3,"column":62}},"3":{"start":{"line":6,"column":15},"end":{"line":6,"column":31}},"4":{"start":{"line":9,"column":0},"end":{"line":9,"column":62}},"5":{"start":{"line":12,"column":0},"end":{"line":12,"column":56}},"6":{"start":{"line":14,"column":0},"end":{"line":14,"column":72}},"7":{"start":{"line":17,"column":0},"end":{"line":17,"column":24}}},"fnMap":{},"branchMap":{},"s":{"0":1,"1":1,"2":1,"3":1,"4":1,"5":1,"6":1,"7":1},"f":{},"b":{},"_coverageSchema":"1a1c01bbd47fc00a2c39e90264f33305004495a9","hash":"31cb2833ba1eaf12da04f9a201801be1a64b9011"}
,"D:\\techhive\\backend\\routes\\orderRoutes.js": {"path":"D:\\techhive\\backend\\routes\\orderRoutes.js","statementMap":{"0":{"start":{"line":1,"column":16},"end":{"line":1,"column":34}},"1":{"start":{"line":2,"column":15},"end":{"line":2,"column":31}},"2":{"start":{"line":3,"column":24},"end":{"line":3,"column":64}},"3":{"start":{"line":4,"column":23},"end":{"line":4,"column":62}},"4":{"start":{"line":7,"column":0},"end":{"line":7,"column":66}},"5":{"start":{"line":8,"column":0},"end":{"line":8,"column":63}},"6":{"start":{"line":11,"column":0},"end":{"line":11,"column":59}},"7":{"start":{"line":13,"column":0},"end":{"line":13,"column":53}},"8":{"start":{"line":14,"column":0},"end":{"line":14,"column":60}},"9":{"start":{"line":18,"column":0},"end":{"line":18,"column":24}}},"fnMap":{},"branchMap":{},"s":{"0":1,"1":1,"2":1,"3":1,"4":1,"5":1,"6":1,"7":1,"8":1,"9":1},"f":{},"b":{},"_coverageSchema":"1a1c01bbd47fc00a2c39e90264f33305004495a9","hash":"ab264551036ce2390f878edb2dbe7501fa80a786"}
,"D:\\techhive\\backend\\routes\\productRoutes.js": {"path":"D:\\techhive\\backend\\routes\\productRoutes.js","statementMap":{"0":{"start":{"line":1,"column":16},"end":{"line":1,"column":34}},"1":{"start":{"line":2,"column":15},"end":{"line":2,"column":31}},"2":{"start":{"line":3,"column":26},"end":{"line":3,"column":68}},"3":{"start":{"line":4,"column":15},"end":{"line":4,"column":32}},"4":{"start":{"line":6,"column":15},"end":{"line":6,"column":58}},"5":{"start":{"line":8,"column":0},"end":{"line":8,"column":74}},"6":{"start":{"line":10,"column":0},"end":{"line":10,"column":47}},"7":{"start":{"line":12,"column":0},"end":{"line":12,"column":55}},"8":{"start":{"line":14,"column":0},"end":{"line":14,"column":49}},"9":{"start":{"line":16,"column":0},"end":{"line":16,"column":79}},"10":{"start":{"line":18,"column":0},"end":{"line":18,"column":75}},"11":{"start":{"line":20,"column":0},"end":{"line":20,"column":70}},"12":{"start":{"line":22,"column":0},"end":{"line":22,"column":69}},"13":{"start":{"line":31,"column":0},"end":{"line":31,"column":24}}},"fnMap":{},"branchMap":{},"s":{"0":1,"1":1,"2":1,"3":1,"4":1,"5":1,"6":1,"7":1,"8":1,"9":1,"10":1,"11":1,"12":1,"13":1},"f":{},"b":{},"_coverageSchema":"1a1c01bbd47fc00a2c39e90264f33305004495a9","hash":"652ea6b3265d2834dba4b3470187afadf11b3489"}
,"D:\\techhive\\backend\\routes\\searchRoutes.js": {"path":"D:\\techhive\\backend\\routes\\searchRoutes.js","statementMap":{"0":{"start":{"line":1,"column":16},"end":{"line":1,"column":34}},"1":{"start":{"line":2,"column":15},"end":{"line":2,"column":31}},"2":{"start":{"line":3,"column":27},"end":{"line":3,"column":68}},"3":{"start":{"line":5,"column":0},"end":{"line":5,"column":38}},"4":{"start":{"line":7,"column":0},"end":{"line":7,"column":24}}},"fnMap":{},"branchMap":{},"s":{"0":1,"1":1,"2":1,"3":1,"4":1},"f":{},"b":{},"_coverageSchema":"1a1c01bbd47fc00a2c39e90264f33305004495a9","hash":"f355491691c5ba5908e9a21b9adb50521f7a3c6c"}
,"D:\\techhive\\backend\\routes\\userRoute.js": {"path":"D:\\techhive\\backend\\routes\\userRoute.js","statementMap":{"0":{"start":{"line":1,"column":16},"end":{"line":1,"column":34}},"1":{"start":{"line":2,"column":23},"end":{"line":2,"column":62}},"2":{"start":{"line":3,"column":23},"end":{"line":3,"column":62}},"3":{"start":{"line":6,"column":15},"end":{"line":6,"column":31}},"4":{"start":{"line":9,"column":0},"end":{"line":9,"column":55}},"5":{"start":{"line":12,"column":0},"end":{"line":12,"column":53}},"6":{"start":{"line":14,"column":0},"end":{"line":14,"column":52}},"7":{"start":{"line":16,"column":0},"end":{"line":16,"column":70}},"8":{"start":{"line":18,"column":0},"end":{"line":18,"column":74}},"9":{"start":{"line":20,"column":0},"end":{"line":20,"column":71}},"10":{"start":{"line":22,"column":0},"end":{"line":22,"column":81}},"11":{"start":{"line":24,"column":0},"end":{"line":24,"column":55}},"12":{"start":{"line":25,"column":0},"end":{"line":25,"column":52}},"13":{"start":{"line":26,"column":0},"end":{"line":26,"column":60}},"14":{"start":{"line":30,"column":0},"end":{"line":30,"column":24}}},"fnMap":{},"branchMap":{},"s":{"0":1,"1":1,"2":1,"3":1,"4":1,"5":1,"6":1,"7":1,"8":1,"9":1,"10":1,"11":1,"12":1,"13":1,"14":1},"f":{},"b":{},"_coverageSchema":"1a1c01bbd47fc00a2c39e90264f33305004495a9","hash":"1e9afea9f0b509bf5143f1b5d2f6b00386a474a3"}
}
